d:\work\prj\ib_robo\ib_robo\debug\ib_robo.pch
d:\work\prj\ib_robo\ib_robo\debug\vc120.pdb
d:\work\prj\ib_robo\ib_robo\debug\vc120.idb
d:\work\prj\ib_robo\ib_robo\debug\stdafx.obj
d:\work\prj\ib_robo\ib_robo\debug\accountsummarytags.obj
d:\work\prj\ib_robo\ib_robo\debug\availablealgoparams.obj
d:\work\prj\ib_robo\ib_robo\debug\client.obj
d:\work\prj\ib_robo\ib_robo\debug\contractsamples.obj
d:\work\prj\ib_robo\ib_robo\debug\histdatarcvmng.obj
d:\work\prj\ib_robo\ib_robo\debug\ib_robo.obj
d:\work\prj\ib_robo\ib_robo\debug\ordersamples.obj
d:\work\prj\ib_robo\ib_robo\debug\cmdprocess.obj
d:\work\prj\ib_robo\ib_robo\debug\scannersubscriptionsamples.obj
d:\work\prj\ib_robo\ib_robo\debug\util.obj
d:\work\prj\ib_robo\debug\ib_robo.ilk
d:\work\prj\ib_robo\debug\ib_robo.exe
d:\work\prj\ib_robo\debug\ib_robo.pdb
d:\work\prj\ib_robo\ib_robo\debug\ib_robo.tlog\cl.command.1.tlog
d:\work\prj\ib_robo\ib_robo\debug\ib_robo.tlog\cl.read.1.tlog
d:\work\prj\ib_robo\ib_robo\debug\ib_robo.tlog\cl.write.1.tlog
d:\work\prj\ib_robo\ib_robo\debug\ib_robo.tlog\link.command.1.tlog
d:\work\prj\ib_robo\ib_robo\debug\ib_robo.tlog\link.read.1.tlog
d:\work\prj\ib_robo\ib_robo\debug\ib_robo.tlog\link.write.1.tlog
